<?xml version="1.0" encoding="UTF-8"?>
<!-- Generated by org.testng.reporters.JUnitXMLReporter -->
<testsuite ignored="0" hostname="LAPTOP-N5LNRK4L" failures="1" tests="1" name="Test_Chrome" time="13.804" errors="0" timestamp="2023-03-19T18:13:52 IST">
  <testcase classname="com.Test.Verify_login_test" name="TC_001" time="10.199">
    <failure type="java.lang.AssertionError" message="expected [true] but found [false]">
      <![CDATA[java.lang.AssertionError: expected [true] but found [false]
at com.Test.Verify_login_test.TC_001(Verify_login_test.java:18)
at java.base/java.util.ArrayList.forEach(ArrayList.java:1511)
... Removed 29 stack frames]]>
    </failure>
  </testcase> <!-- TC_001 -->
</testsuite> <!-- Test_Chrome -->
